`torch_dtype` is deprecated! Use `dtype` instead!
============================================================
模型内部理解实验
============================================================
Loading model: gpt2
Loading weights:   0%|          | 0/148 [00:00<?, ?it/s]Loading weights: 100%|██████████| 148/148 [00:00<00:00, 9200.63it/s]
/mnt/hdsd1/guomin/projects/model_probe/venv/lib/python3.10/site-packages/sklearn/linear_model/_logistic.py:1262: FutureWarning: 'multi_class' was deprecated in version 1.5 and will be removed in 1.8. From then on, binary problems will be fit as proper binary  logistic regression models (as if multi_class='ovr' were set). Leave it to its default value to avoid this warning.
  warnings.warn(
/mnt/hdsd1/guomin/projects/model_probe/venv/lib/python3.10/site-packages/sklearn/linear_model/_logistic.py:1262: FutureWarning: 'multi_class' was deprecated in version 1.5 and will be removed in 1.8. From then on, binary problems will be fit as proper binary  logistic regression models (as if multi_class='ovr' were set). Leave it to its default value to avoid this warning.
  warnings.warn(
/mnt/hdsd1/guomin/projects/model_probe/venv/lib/python3.10/site-packages/sklearn/linear_model/_logistic.py:1262: FutureWarning: 'multi_class' was deprecated in version 1.5 and will be removed in 1.8. From then on, binary problems will be fit as proper binary  logistic regression models (as if multi_class='ovr' were set). Leave it to its default value to avoid this warning.
  warnings.warn(
/mnt/hdsd1/guomin/projects/model_probe/venv/lib/python3.10/site-packages/sklearn/linear_model/_logistic.py:1262: FutureWarning: 'multi_class' was deprecated in version 1.5 and will be removed in 1.8. From then on, binary problems will be fit as proper binary  logistic regression models (as if multi_class='ovr' were set). Leave it to its default value to avoid this warning.
  warnings.warn(
/mnt/hdsd1/guomin/projects/model_probe/venv/lib/python3.10/site-packages/sklearn/linear_model/_logistic.py:1262: FutureWarning: 'multi_class' was deprecated in version 1.5 and will be removed in 1.8. From then on, binary problems will be fit as proper binary  logistic regression models (as if multi_class='ovr' were set). Leave it to its default value to avoid this warning.
  warnings.warn(
/mnt/hdsd1/guomin/projects/model_probe/venv/lib/python3.10/site-packages/sklearn/linear_model/_logistic.py:1262: FutureWarning: 'multi_class' was deprecated in version 1.5 and will be removed in 1.8. From then on, binary problems will be fit as proper binary  logistic regression models (as if multi_class='ovr' were set). Leave it to its default value to avoid this warning.
  warnings.warn(
/mnt/hdsd1/guomin/projects/model_probe/venv/lib/python3.10/site-packages/sklearn/linear_model/_logistic.py:1262: FutureWarning: 'multi_class' was deprecated in version 1.5 and will be removed in 1.8. From then on, binary problems will be fit as proper binary  logistic regression models (as if multi_class='ovr' were set). Leave it to its default value to avoid this warning.
  warnings.warn(
/mnt/hdsd1/guomin/projects/model_probe/venv/lib/python3.10/site-packages/sklearn/linear_model/_logistic.py:1262: FutureWarning: 'multi_class' was deprecated in version 1.5 and will be removed in 1.8. From then on, binary problems will be fit as proper binary  logistic regression models (as if multi_class='ovr' were set). Leave it to its default value to avoid this warning.
  warnings.warn(
/mnt/hdsd1/guomin/projects/model_probe/venv/lib/python3.10/site-packages/sklearn/linear_model/_logistic.py:1262: FutureWarning: 'multi_class' was deprecated in version 1.5 and will be removed in 1.8. From then on, binary problems will be fit as proper binary  logistic regression models (as if multi_class='ovr' were set). Leave it to its default value to avoid this warning.
  warnings.warn(
/mnt/hdsd1/guomin/projects/model_probe/venv/lib/python3.10/site-packages/sklearn/linear_model/_logistic.py:1262: FutureWarning: 'multi_class' was deprecated in version 1.5 and will be removed in 1.8. From then on, binary problems will be fit as proper binary  logistic regression models (as if multi_class='ovr' were set). Leave it to its default value to avoid this warning.
  warnings.warn(
/mnt/hdsd1/guomin/projects/model_probe/venv/lib/python3.10/site-packages/sklearn/linear_model/_logistic.py:1262: FutureWarning: 'multi_class' was deprecated in version 1.5 and will be removed in 1.8. From then on, binary problems will be fit as proper binary  logistic regression models (as if multi_class='ovr' were set). Leave it to its default value to avoid this warning.
  warnings.warn(
/mnt/hdsd1/guomin/projects/model_probe/venv/lib/python3.10/site-packages/sklearn/linear_model/_logistic.py:1262: FutureWarning: 'multi_class' was deprecated in version 1.5 and will be removed in 1.8. From then on, binary problems will be fit as proper binary  logistic regression models (as if multi_class='ovr' were set). Leave it to its default value to avoid this warning.
  warnings.warn(
/mnt/hdsd1/guomin/projects/model_probe/venv/lib/python3.10/site-packages/sklearn/linear_model/_logistic.py:1262: FutureWarning: 'multi_class' was deprecated in version 1.5 and will be removed in 1.8. From then on, binary problems will be fit as proper binary  logistic regression models (as if multi_class='ovr' were set). Leave it to its default value to avoid this warning.
  warnings.warn(
/mnt/hdsd1/guomin/projects/model_probe/venv/lib/python3.10/site-packages/sklearn/linear_model/_logistic.py:1262: FutureWarning: 'multi_class' was deprecated in version 1.5 and will be removed in 1.8. From then on, binary problems will be fit as proper binary  logistic regression models (as if multi_class='ovr' were set). Leave it to its default value to avoid this warning.
  warnings.warn(
/mnt/hdsd1/guomin/projects/model_probe/venv/lib/python3.10/site-packages/sklearn/linear_model/_logistic.py:1262: FutureWarning: 'multi_class' was deprecated in version 1.5 and will be removed in 1.8. From then on, binary problems will be fit as proper binary  logistic regression models (as if multi_class='ovr' were set). Leave it to its default value to avoid this warning.
  warnings.warn(
/mnt/hdsd1/guomin/projects/model_probe/venv/lib/python3.10/site-packages/sklearn/linear_model/_logistic.py:1262: FutureWarning: 'multi_class' was deprecated in version 1.5 and will be removed in 1.8. From then on, binary problems will be fit as proper binary  logistic regression models (as if multi_class='ovr' were set). Leave it to its default value to avoid this warning.
  warnings.warn(
/mnt/hdsd1/guomin/projects/model_probe/venv/lib/python3.10/site-packages/sklearn/linear_model/_logistic.py:1262: FutureWarning: 'multi_class' was deprecated in version 1.5 and will be removed in 1.8. From then on, binary problems will be fit as proper binary  logistic regression models (as if multi_class='ovr' were set). Leave it to its default value to avoid this warning.
  warnings.warn(
/mnt/hdsd1/guomin/projects/model_probe/venv/lib/python3.10/site-packages/sklearn/linear_model/_logistic.py:1262: FutureWarning: 'multi_class' was deprecated in version 1.5 and will be removed in 1.8. From then on, binary problems will be fit as proper binary  logistic regression models (as if multi_class='ovr' were set). Leave it to its default value to avoid this warning.
  warnings.warn(
/mnt/hdsd1/guomin/projects/model_probe/venv/lib/python3.10/site-packages/sklearn/linear_model/_logistic.py:1262: FutureWarning: 'multi_class' was deprecated in version 1.5 and will be removed in 1.8. From then on, binary problems will be fit as proper binary  logistic regression models (as if multi_class='ovr' were set). Leave it to its default value to avoid this warning.
  warnings.warn(
/mnt/hdsd1/guomin/projects/model_probe/venv/lib/python3.10/site-packages/sklearn/linear_model/_logistic.py:1262: FutureWarning: 'multi_class' was deprecated in version 1.5 and will be removed in 1.8. From then on, binary problems will be fit as proper binary  logistic regression models (as if multi_class='ovr' were set). Leave it to its default value to avoid this warning.
  warnings.warn(
/mnt/hdsd1/guomin/projects/model_probe/venv/lib/python3.10/site-packages/sklearn/linear_model/_logistic.py:1262: FutureWarning: 'multi_class' was deprecated in version 1.5 and will be removed in 1.8. From then on, binary problems will be fit as proper binary  logistic regression models (as if multi_class='ovr' were set). Leave it to its default value to avoid this warning.
  warnings.warn(
/mnt/hdsd1/guomin/projects/model_probe/venv/lib/python3.10/site-packages/sklearn/linear_model/_logistic.py:1262: FutureWarning: 'multi_class' was deprecated in version 1.5 and will be removed in 1.8. From then on, binary problems will be fit as proper binary  logistic regression models (as if multi_class='ovr' were set). Leave it to its default value to avoid this warning.
  warnings.warn(
/mnt/hdsd1/guomin/projects/model_probe/venv/lib/python3.10/site-packages/sklearn/linear_model/_logistic.py:1262: FutureWarning: 'multi_class' was deprecated in version 1.5 and will be removed in 1.8. From then on, binary problems will be fit as proper binary  logistic regression models (as if multi_class='ovr' were set). Leave it to its default value to avoid this warning.
  warnings.warn(
/mnt/hdsd1/guomin/projects/model_probe/venv/lib/python3.10/site-packages/sklearn/linear_model/_logistic.py:1262: FutureWarning: 'multi_class' was deprecated in version 1.5 and will be removed in 1.8. From then on, binary problems will be fit as proper binary  logistic regression models (as if multi_class='ovr' were set). Leave it to its default value to avoid this warning.
  warnings.warn(
/mnt/hdsd1/guomin/projects/model_probe/venv/lib/python3.10/site-packages/sklearn/linear_model/_logistic.py:1262: FutureWarning: 'multi_class' was deprecated in version 1.5 and will be removed in 1.8. From then on, binary problems will be fit as proper binary  logistic regression models (as if multi_class='ovr' were set). Leave it to its default value to avoid this warning.
  warnings.warn(
/mnt/hdsd1/guomin/projects/model_probe/venv/lib/python3.10/site-packages/sklearn/linear_model/_logistic.py:1262: FutureWarning: 'multi_class' was deprecated in version 1.5 and will be removed in 1.8. From then on, binary problems will be fit as proper binary  logistic regression models (as if multi_class='ovr' were set). Leave it to its default value to avoid this warning.
  warnings.warn(
/mnt/hdsd1/guomin/projects/model_probe/venv/lib/python3.10/site-packages/sklearn/linear_model/_logistic.py:1262: FutureWarning: 'multi_class' was deprecated in version 1.5 and will be removed in 1.8. From then on, binary problems will be fit as proper binary  logistic regression models (as if multi_class='ovr' were set). Leave it to its default value to avoid this warning.
  warnings.warn(
/mnt/hdsd1/guomin/projects/model_probe/venv/lib/python3.10/site-packages/sklearn/linear_model/_logistic.py:1262: FutureWarning: 'multi_class' was deprecated in version 1.5 and will be removed in 1.8. From then on, binary problems will be fit as proper binary  logistic regression models (as if multi_class='ovr' were set). Leave it to its default value to avoid this warning.
  warnings.warn(
/mnt/hdsd1/guomin/projects/model_probe/venv/lib/python3.10/site-packages/sklearn/linear_model/_logistic.py:1262: FutureWarning: 'multi_class' was deprecated in version 1.5 and will be removed in 1.8. From then on, binary problems will be fit as proper binary  logistic regression models (as if multi_class='ovr' were set). Leave it to its default value to avoid this warning.
  warnings.warn(
/mnt/hdsd1/guomin/projects/model_probe/venv/lib/python3.10/site-packages/sklearn/linear_model/_logistic.py:1262: FutureWarning: 'multi_class' was deprecated in version 1.5 and will be removed in 1.8. From then on, binary problems will be fit as proper binary  logistic regression models (as if multi_class='ovr' were set). Leave it to its default value to avoid this warning.
  warnings.warn(
/mnt/hdsd1/guomin/projects/model_probe/venv/lib/python3.10/site-packages/sklearn/linear_model/_logistic.py:1262: FutureWarning: 'multi_class' was deprecated in version 1.5 and will be removed in 1.8. From then on, binary problems will be fit as proper binary  logistic regression models (as if multi_class='ovr' were set). Leave it to its default value to avoid this warning.
  warnings.warn(
/mnt/hdsd1/guomin/projects/model_probe/venv/lib/python3.10/site-packages/sklearn/linear_model/_logistic.py:1262: FutureWarning: 'multi_class' was deprecated in version 1.5 and will be removed in 1.8. From then on, binary problems will be fit as proper binary  logistic regression models (as if multi_class='ovr' were set). Leave it to its default value to avoid this warning.
  warnings.warn(
/mnt/hdsd1/guomin/projects/model_probe/venv/lib/python3.10/site-packages/sklearn/linear_model/_logistic.py:1262: FutureWarning: 'multi_class' was deprecated in version 1.5 and will be removed in 1.8. From then on, binary problems will be fit as proper binary  logistic regression models (as if multi_class='ovr' were set). Leave it to its default value to avoid this warning.
  warnings.warn(
/mnt/hdsd1/guomin/projects/model_probe/venv/lib/python3.10/site-packages/sklearn/linear_model/_logistic.py:1262: FutureWarning: 'multi_class' was deprecated in version 1.5 and will be removed in 1.8. From then on, binary problems will be fit as proper binary  logistic regression models (as if multi_class='ovr' were set). Leave it to its default value to avoid this warning.
  warnings.warn(
/mnt/hdsd1/guomin/projects/model_probe/venv/lib/python3.10/site-packages/sklearn/linear_model/_logistic.py:1262: FutureWarning: 'multi_class' was deprecated in version 1.5 and will be removed in 1.8. From then on, binary problems will be fit as proper binary  logistic regression models (as if multi_class='ovr' were set). Leave it to its default value to avoid this warning.
  warnings.warn(
/mnt/hdsd1/guomin/projects/model_probe/venv/lib/python3.10/site-packages/sklearn/linear_model/_logistic.py:1262: FutureWarning: 'multi_class' was deprecated in version 1.5 and will be removed in 1.8. From then on, binary problems will be fit as proper binary  logistic regression models (as if multi_class='ovr' were set). Leave it to its default value to avoid this warning.
  warnings.warn(
/mnt/hdsd1/guomin/projects/model_probe/venv/lib/python3.10/site-packages/sklearn/linear_model/_logistic.py:1262: FutureWarning: 'multi_class' was deprecated in version 1.5 and will be removed in 1.8. From then on, binary problems will be fit as proper binary  logistic regression models (as if multi_class='ovr' were set). Leave it to its default value to avoid this warning.
  warnings.warn(
/mnt/hdsd1/guomin/projects/model_probe/venv/lib/python3.10/site-packages/sklearn/linear_model/_logistic.py:1262: FutureWarning: 'multi_class' was deprecated in version 1.5 and will be removed in 1.8. From then on, binary problems will be fit as proper binary  logistic regression models (as if multi_class='ovr' were set). Leave it to its default value to avoid this warning.
  warnings.warn(
/mnt/hdsd1/guomin/projects/model_probe/venv/lib/python3.10/site-packages/sklearn/linear_model/_logistic.py:1262: FutureWarning: 'multi_class' was deprecated in version 1.5 and will be removed in 1.8. From then on, binary problems will be fit as proper binary  logistic regression models (as if multi_class='ovr' were set). Leave it to its default value to avoid this warning.
  warnings.warn(
/mnt/hdsd1/guomin/projects/model_probe/venv/lib/python3.10/site-packages/sklearn/linear_model/_logistic.py:1262: FutureWarning: 'multi_class' was deprecated in version 1.5 and will be removed in 1.8. From then on, binary problems will be fit as proper binary  logistic regression models (as if multi_class='ovr' were set). Leave it to its default value to avoid this warning.
  warnings.warn(
/mnt/hdsd1/guomin/projects/model_probe/venv/lib/python3.10/site-packages/sklearn/linear_model/_logistic.py:1262: FutureWarning: 'multi_class' was deprecated in version 1.5 and will be removed in 1.8. From then on, binary problems will be fit as proper binary  logistic regression models (as if multi_class='ovr' were set). Leave it to its default value to avoid this warning.
  warnings.warn(
/mnt/hdsd1/guomin/projects/model_probe/venv/lib/python3.10/site-packages/sklearn/linear_model/_logistic.py:1262: FutureWarning: 'multi_class' was deprecated in version 1.5 and will be removed in 1.8. From then on, binary problems will be fit as proper binary  logistic regression models (as if multi_class='ovr' were set). Leave it to its default value to avoid this warning.
  warnings.warn(
/mnt/hdsd1/guomin/projects/model_probe/venv/lib/python3.10/site-packages/sklearn/linear_model/_logistic.py:1262: FutureWarning: 'multi_class' was deprecated in version 1.5 and will be removed in 1.8. From then on, binary problems will be fit as proper binary  logistic regression models (as if multi_class='ovr' were set). Leave it to its default value to avoid this warning.
  warnings.warn(
/mnt/hdsd1/guomin/projects/model_probe/venv/lib/python3.10/site-packages/sklearn/linear_model/_logistic.py:1262: FutureWarning: 'multi_class' was deprecated in version 1.5 and will be removed in 1.8. From then on, binary problems will be fit as proper binary  logistic regression models (as if multi_class='ovr' were set). Leave it to its default value to avoid this warning.
  warnings.warn(
/mnt/hdsd1/guomin/projects/model_probe/venv/lib/python3.10/site-packages/sklearn/linear_model/_logistic.py:1262: FutureWarning: 'multi_class' was deprecated in version 1.5 and will be removed in 1.8. From then on, binary problems will be fit as proper binary  logistic regression models (as if multi_class='ovr' were set). Leave it to its default value to avoid this warning.
  warnings.warn(
/mnt/hdsd1/guomin/projects/model_probe/venv/lib/python3.10/site-packages/sklearn/linear_model/_logistic.py:1262: FutureWarning: 'multi_class' was deprecated in version 1.5 and will be removed in 1.8. From then on, binary problems will be fit as proper binary  logistic regression models (as if multi_class='ovr' were set). Leave it to its default value to avoid this warning.
  warnings.warn(
/mnt/hdsd1/guomin/projects/model_probe/venv/lib/python3.10/site-packages/sklearn/linear_model/_logistic.py:1262: FutureWarning: 'multi_class' was deprecated in version 1.5 and will be removed in 1.8. From then on, binary problems will be fit as proper binary  logistic regression models (as if multi_class='ovr' were set). Leave it to its default value to avoid this warning.
  warnings.warn(
/mnt/hdsd1/guomin/projects/model_probe/venv/lib/python3.10/site-packages/sklearn/linear_model/_logistic.py:1262: FutureWarning: 'multi_class' was deprecated in version 1.5 and will be removed in 1.8. From then on, binary problems will be fit as proper binary  logistic regression models (as if multi_class='ovr' were set). Leave it to its default value to avoid this warning.
  warnings.warn(
/mnt/hdsd1/guomin/projects/model_probe/venv/lib/python3.10/site-packages/sklearn/linear_model/_logistic.py:1262: FutureWarning: 'multi_class' was deprecated in version 1.5 and will be removed in 1.8. From then on, binary problems will be fit as proper binary  logistic regression models (as if multi_class='ovr' were set). Leave it to its default value to avoid this warning.
  warnings.warn(
/mnt/hdsd1/guomin/projects/model_probe/venv/lib/python3.10/site-packages/sklearn/linear_model/_logistic.py:1262: FutureWarning: 'multi_class' was deprecated in version 1.5 and will be removed in 1.8. From then on, binary problems will be fit as proper binary  logistic regression models (as if multi_class='ovr' were set). Leave it to its default value to avoid this warning.
  warnings.warn(
/mnt/hdsd1/guomin/projects/model_probe/venv/lib/python3.10/site-packages/sklearn/linear_model/_logistic.py:1262: FutureWarning: 'multi_class' was deprecated in version 1.5 and will be removed in 1.8. From then on, binary problems will be fit as proper binary  logistic regression models (as if multi_class='ovr' were set). Leave it to its default value to avoid this warning.
  warnings.warn(
/mnt/hdsd1/guomin/projects/model_probe/venv/lib/python3.10/site-packages/sklearn/linear_model/_logistic.py:1262: FutureWarning: 'multi_class' was deprecated in version 1.5 and will be removed in 1.8. From then on, binary problems will be fit as proper binary  logistic regression models (as if multi_class='ovr' were set). Leave it to its default value to avoid this warning.
  warnings.warn(
/mnt/hdsd1/guomin/projects/model_probe/venv/lib/python3.10/site-packages/sklearn/linear_model/_logistic.py:1262: FutureWarning: 'multi_class' was deprecated in version 1.5 and will be removed in 1.8. From then on, binary problems will be fit as proper binary  logistic regression models (as if multi_class='ovr' were set). Leave it to its default value to avoid this warning.
  warnings.warn(
/mnt/hdsd1/guomin/projects/model_probe/venv/lib/python3.10/site-packages/sklearn/linear_model/_logistic.py:1262: FutureWarning: 'multi_class' was deprecated in version 1.5 and will be removed in 1.8. From then on, binary problems will be fit as proper binary  logistic regression models (as if multi_class='ovr' were set). Leave it to its default value to avoid this warning.
  warnings.warn(
/mnt/hdsd1/guomin/projects/model_probe/venv/lib/python3.10/site-packages/sklearn/linear_model/_logistic.py:1262: FutureWarning: 'multi_class' was deprecated in version 1.5 and will be removed in 1.8. From then on, binary problems will be fit as proper binary  logistic regression models (as if multi_class='ovr' were set). Leave it to its default value to avoid this warning.
  warnings.warn(
/mnt/hdsd1/guomin/projects/model_probe/venv/lib/python3.10/site-packages/sklearn/linear_model/_logistic.py:1262: FutureWarning: 'multi_class' was deprecated in version 1.5 and will be removed in 1.8. From then on, binary problems will be fit as proper binary  logistic regression models (as if multi_class='ovr' were set). Leave it to its default value to avoid this warning.
  warnings.warn(
/mnt/hdsd1/guomin/projects/model_probe/venv/lib/python3.10/site-packages/sklearn/linear_model/_logistic.py:1262: FutureWarning: 'multi_class' was deprecated in version 1.5 and will be removed in 1.8. From then on, binary problems will be fit as proper binary  logistic regression models (as if multi_class='ovr' were set). Leave it to its default value to avoid this warning.
  warnings.warn(
/mnt/hdsd1/guomin/projects/model_probe/venv/lib/python3.10/site-packages/sklearn/linear_model/_logistic.py:1262: FutureWarning: 'multi_class' was deprecated in version 1.5 and will be removed in 1.8. From then on, binary problems will be fit as proper binary  logistic regression models (as if multi_class='ovr' were set). Leave it to its default value to avoid this warning.
  warnings.warn(
/mnt/hdsd1/guomin/projects/model_probe/venv/lib/python3.10/site-packages/sklearn/linear_model/_logistic.py:1262: FutureWarning: 'multi_class' was deprecated in version 1.5 and will be removed in 1.8. From then on, binary problems will be fit as proper binary  logistic regression models (as if multi_class='ovr' were set). Leave it to its default value to avoid this warning.
  warnings.warn(
/mnt/hdsd1/guomin/projects/model_probe/venv/lib/python3.10/site-packages/sklearn/linear_model/_logistic.py:1262: FutureWarning: 'multi_class' was deprecated in version 1.5 and will be removed in 1.8. From then on, binary problems will be fit as proper binary  logistic regression models (as if multi_class='ovr' were set). Leave it to its default value to avoid this warning.
  warnings.warn(
/mnt/hdsd1/guomin/projects/model_probe/venv/lib/python3.10/site-packages/sklearn/linear_model/_logistic.py:1262: FutureWarning: 'multi_class' was deprecated in version 1.5 and will be removed in 1.8. From then on, binary problems will be fit as proper binary  logistic regression models (as if multi_class='ovr' were set). Leave it to its default value to avoid this warning.
  warnings.warn(
/mnt/hdsd1/guomin/projects/model_probe/venv/lib/python3.10/site-packages/sklearn/linear_model/_logistic.py:1262: FutureWarning: 'multi_class' was deprecated in version 1.5 and will be removed in 1.8. From then on, binary problems will be fit as proper binary  logistic regression models (as if multi_class='ovr' were set). Leave it to its default value to avoid this warning.
  warnings.warn(
/mnt/hdsd1/guomin/projects/model_probe/venv/lib/python3.10/site-packages/sklearn/linear_model/_logistic.py:1262: FutureWarning: 'multi_class' was deprecated in version 1.5 and will be removed in 1.8. From then on, binary problems will be fit as proper binary  logistic regression models (as if multi_class='ovr' were set). Leave it to its default value to avoid this warning.
  warnings.warn(
/mnt/hdsd1/guomin/projects/model_probe/venv/lib/python3.10/site-packages/sklearn/linear_model/_logistic.py:1262: FutureWarning: 'multi_class' was deprecated in version 1.5 and will be removed in 1.8. From then on, binary problems will be fit as proper binary  logistic regression models (as if multi_class='ovr' were set). Leave it to its default value to avoid this warning.
  warnings.warn(
/mnt/hdsd1/guomin/projects/model_probe/venv/lib/python3.10/site-packages/sklearn/linear_model/_logistic.py:1262: FutureWarning: 'multi_class' was deprecated in version 1.5 and will be removed in 1.8. From then on, binary problems will be fit as proper binary  logistic regression models (as if multi_class='ovr' were set). Leave it to its default value to avoid this warning.
  warnings.warn(
/mnt/hdsd1/guomin/projects/model_probe/venv/lib/python3.10/site-packages/sklearn/linear_model/_logistic.py:1262: FutureWarning: 'multi_class' was deprecated in version 1.5 and will be removed in 1.8. From then on, binary problems will be fit as proper binary  logistic regression models (as if multi_class='ovr' were set). Leave it to its default value to avoid this warning.
  warnings.warn(
/mnt/hdsd1/guomin/projects/model_probe/venv/lib/python3.10/site-packages/sklearn/linear_model/_logistic.py:1262: FutureWarning: 'multi_class' was deprecated in version 1.5 and will be removed in 1.8. From then on, binary problems will be fit as proper binary  logistic regression models (as if multi_class='ovr' were set). Leave it to its default value to avoid this warning.
  warnings.warn(
/mnt/hdsd1/guomin/projects/model_probe/venv/lib/python3.10/site-packages/sklearn/linear_model/_logistic.py:1262: FutureWarning: 'multi_class' was deprecated in version 1.5 and will be removed in 1.8. From then on, binary problems will be fit as proper binary  logistic regression models (as if multi_class='ovr' were set). Leave it to its default value to avoid this warning.
  warnings.warn(
/mnt/hdsd1/guomin/projects/model_probe/venv/lib/python3.10/site-packages/sklearn/linear_model/_logistic.py:1262: FutureWarning: 'multi_class' was deprecated in version 1.5 and will be removed in 1.8. From then on, binary problems will be fit as proper binary  logistic regression models (as if multi_class='ovr' were set). Leave it to its default value to avoid this warning.
  warnings.warn(
/mnt/hdsd1/guomin/projects/model_probe/venv/lib/python3.10/site-packages/sklearn/linear_model/_logistic.py:1262: FutureWarning: 'multi_class' was deprecated in version 1.5 and will be removed in 1.8. From then on, binary problems will be fit as proper binary  logistic regression models (as if multi_class='ovr' were set). Leave it to its default value to avoid this warning.
  warnings.warn(
/mnt/hdsd1/guomin/projects/model_probe/venv/lib/python3.10/site-packages/sklearn/linear_model/_logistic.py:1262: FutureWarning: 'multi_class' was deprecated in version 1.5 and will be removed in 1.8. From then on, binary problems will be fit as proper binary  logistic regression models (as if multi_class='ovr' were set). Leave it to its default value to avoid this warning.
  warnings.warn(
/mnt/hdsd1/guomin/projects/model_probe/venv/lib/python3.10/site-packages/sklearn/linear_model/_logistic.py:1262: FutureWarning: 'multi_class' was deprecated in version 1.5 and will be removed in 1.8. From then on, binary problems will be fit as proper binary  logistic regression models (as if multi_class='ovr' were set). Leave it to its default value to avoid this warning.
  warnings.warn(
/mnt/hdsd1/guomin/projects/model_probe/venv/lib/python3.10/site-packages/sklearn/linear_model/_logistic.py:1262: FutureWarning: 'multi_class' was deprecated in version 1.5 and will be removed in 1.8. From then on, binary problems will be fit as proper binary  logistic regression models (as if multi_class='ovr' were set). Leave it to its default value to avoid this warning.
  warnings.warn(
/mnt/hdsd1/guomin/projects/model_probe/venv/lib/python3.10/site-packages/sklearn/linear_model/_logistic.py:1262: FutureWarning: 'multi_class' was deprecated in version 1.5 and will be removed in 1.8. From then on, binary problems will be fit as proper binary  logistic regression models (as if multi_class='ovr' were set). Leave it to its default value to avoid this warning.
  warnings.warn(
/mnt/hdsd1/guomin/projects/model_probe/venv/lib/python3.10/site-packages/sklearn/linear_model/_logistic.py:1262: FutureWarning: 'multi_class' was deprecated in version 1.5 and will be removed in 1.8. From then on, binary problems will be fit as proper binary  logistic regression models (as if multi_class='ovr' were set). Leave it to its default value to avoid this warning.
  warnings.warn(
/mnt/hdsd1/guomin/projects/model_probe/venv/lib/python3.10/site-packages/sklearn/linear_model/_logistic.py:1262: FutureWarning: 'multi_class' was deprecated in version 1.5 and will be removed in 1.8. From then on, binary problems will be fit as proper binary  logistic regression models (as if multi_class='ovr' were set). Leave it to its default value to avoid this warning.
  warnings.warn(
/mnt/hdsd1/guomin/projects/model_probe/venv/lib/python3.10/site-packages/sklearn/linear_model/_logistic.py:1262: FutureWarning: 'multi_class' was deprecated in version 1.5 and will be removed in 1.8. From then on, binary problems will be fit as proper binary  logistic regression models (as if multi_class='ovr' were set). Leave it to its default value to avoid this warning.
  warnings.warn(
/mnt/hdsd1/guomin/projects/model_probe/venv/lib/python3.10/site-packages/sklearn/linear_model/_logistic.py:1262: FutureWarning: 'multi_class' was deprecated in version 1.5 and will be removed in 1.8. From then on, binary problems will be fit as proper binary  logistic regression models (as if multi_class='ovr' were set). Leave it to its default value to avoid this warning.
  warnings.warn(
/mnt/hdsd1/guomin/projects/model_probe/venv/lib/python3.10/site-packages/sklearn/linear_model/_logistic.py:1262: FutureWarning: 'multi_class' was deprecated in version 1.5 and will be removed in 1.8. From then on, binary problems will be fit as proper binary  logistic regression models (as if multi_class='ovr' were set). Leave it to its default value to avoid this warning.
  warnings.warn(
/mnt/hdsd1/guomin/projects/model_probe/venv/lib/python3.10/site-packages/sklearn/linear_model/_logistic.py:1262: FutureWarning: 'multi_class' was deprecated in version 1.5 and will be removed in 1.8. From then on, binary problems will be fit as proper binary  logistic regression models (as if multi_class='ovr' were set). Leave it to its default value to avoid this warning.
  warnings.warn(
/mnt/hdsd1/guomin/projects/model_probe/venv/lib/python3.10/site-packages/sklearn/linear_model/_logistic.py:1262: FutureWarning: 'multi_class' was deprecated in version 1.5 and will be removed in 1.8. From then on, binary problems will be fit as proper binary  logistic regression models (as if multi_class='ovr' were set). Leave it to its default value to avoid this warning.
  warnings.warn(
/mnt/hdsd1/guomin/projects/model_probe/venv/lib/python3.10/site-packages/sklearn/linear_model/_logistic.py:1262: FutureWarning: 'multi_class' was deprecated in version 1.5 and will be removed in 1.8. From then on, binary problems will be fit as proper binary  logistic regression models (as if multi_class='ovr' were set). Leave it to its default value to avoid this warning.
  warnings.warn(
/mnt/hdsd1/guomin/projects/model_probe/venv/lib/python3.10/site-packages/sklearn/linear_model/_logistic.py:1262: FutureWarning: 'multi_class' was deprecated in version 1.5 and will be removed in 1.8. From then on, binary problems will be fit as proper binary  logistic regression models (as if multi_class='ovr' were set). Leave it to its default value to avoid this warning.
  warnings.warn(
/mnt/hdsd1/guomin/projects/model_probe/venv/lib/python3.10/site-packages/sklearn/linear_model/_logistic.py:1262: FutureWarning: 'multi_class' was deprecated in version 1.5 and will be removed in 1.8. From then on, binary problems will be fit as proper binary  logistic regression models (as if multi_class='ovr' were set). Leave it to its default value to avoid this warning.
  warnings.warn(
/mnt/hdsd1/guomin/projects/model_probe/venv/lib/python3.10/site-packages/sklearn/linear_model/_logistic.py:1262: FutureWarning: 'multi_class' was deprecated in version 1.5 and will be removed in 1.8. From then on, binary problems will be fit as proper binary  logistic regression models (as if multi_class='ovr' were set). Leave it to its default value to avoid this warning.
  warnings.warn(
/mnt/hdsd1/guomin/projects/model_probe/venv/lib/python3.10/site-packages/sklearn/linear_model/_logistic.py:1262: FutureWarning: 'multi_class' was deprecated in version 1.5 and will be removed in 1.8. From then on, binary problems will be fit as proper binary  logistic regression models (as if multi_class='ovr' were set). Leave it to its default value to avoid this warning.
  warnings.warn(
/mnt/hdsd1/guomin/projects/model_probe/venv/lib/python3.10/site-packages/sklearn/linear_model/_logistic.py:1262: FutureWarning: 'multi_class' was deprecated in version 1.5 and will be removed in 1.8. From then on, binary problems will be fit as proper binary  logistic regression models (as if multi_class='ovr' were set). Leave it to its default value to avoid this warning.
  warnings.warn(
/mnt/hdsd1/guomin/projects/model_probe/venv/lib/python3.10/site-packages/sklearn/linear_model/_logistic.py:1262: FutureWarning: 'multi_class' was deprecated in version 1.5 and will be removed in 1.8. From then on, binary problems will be fit as proper binary  logistic regression models (as if multi_class='ovr' were set). Leave it to its default value to avoid this warning.
  warnings.warn(
/mnt/hdsd1/guomin/projects/model_probe/venv/lib/python3.10/site-packages/sklearn/linear_model/_logistic.py:1262: FutureWarning: 'multi_class' was deprecated in version 1.5 and will be removed in 1.8. From then on, binary problems will be fit as proper binary  logistic regression models (as if multi_class='ovr' were set). Leave it to its default value to avoid this warning.
  warnings.warn(
/mnt/hdsd1/guomin/projects/model_probe/venv/lib/python3.10/site-packages/sklearn/linear_model/_logistic.py:1262: FutureWarning: 'multi_class' was deprecated in version 1.5 and will be removed in 1.8. From then on, binary problems will be fit as proper binary  logistic regression models (as if multi_class='ovr' were set). Leave it to its default value to avoid this warning.
  warnings.warn(
/mnt/hdsd1/guomin/projects/model_probe/venv/lib/python3.10/site-packages/sklearn/linear_model/_logistic.py:1262: FutureWarning: 'multi_class' was deprecated in version 1.5 and will be removed in 1.8. From then on, binary problems will be fit as proper binary  logistic regression models (as if multi_class='ovr' were set). Leave it to its default value to avoid this warning.
  warnings.warn(
/mnt/hdsd1/guomin/projects/model_probe/venv/lib/python3.10/site-packages/sklearn/linear_model/_logistic.py:1262: FutureWarning: 'multi_class' was deprecated in version 1.5 and will be removed in 1.8. From then on, binary problems will be fit as proper binary  logistic regression models (as if multi_class='ovr' were set). Leave it to its default value to avoid this warning.
  warnings.warn(
/mnt/hdsd1/guomin/projects/model_probe/venv/lib/python3.10/site-packages/sklearn/linear_model/_logistic.py:1262: FutureWarning: 'multi_class' was deprecated in version 1.5 and will be removed in 1.8. From then on, binary problems will be fit as proper binary  logistic regression models (as if multi_class='ovr' were set). Leave it to its default value to avoid this warning.
  warnings.warn(
/mnt/hdsd1/guomin/projects/model_probe/venv/lib/python3.10/site-packages/sklearn/linear_model/_logistic.py:1262: FutureWarning: 'multi_class' was deprecated in version 1.5 and will be removed in 1.8. From then on, binary problems will be fit as proper binary  logistic regression models (as if multi_class='ovr' were set). Leave it to its default value to avoid this warning.
  warnings.warn(
/mnt/hdsd1/guomin/projects/model_probe/venv/lib/python3.10/site-packages/sklearn/linear_model/_logistic.py:1262: FutureWarning: 'multi_class' was deprecated in version 1.5 and will be removed in 1.8. From then on, binary problems will be fit as proper binary  logistic regression models (as if multi_class='ovr' were set). Leave it to its default value to avoid this warning.
  warnings.warn(
/mnt/hdsd1/guomin/projects/model_probe/venv/lib/python3.10/site-packages/sklearn/linear_model/_logistic.py:1262: FutureWarning: 'multi_class' was deprecated in version 1.5 and will be removed in 1.8. From then on, binary problems will be fit as proper binary  logistic regression models (as if multi_class='ovr' were set). Leave it to its default value to avoid this warning.
  warnings.warn(
/mnt/hdsd1/guomin/projects/model_probe/venv/lib/python3.10/site-packages/sklearn/linear_model/_logistic.py:1262: FutureWarning: 'multi_class' was deprecated in version 1.5 and will be removed in 1.8. From then on, binary problems will be fit as proper binary  logistic regression models (as if multi_class='ovr' were set). Leave it to its default value to avoid this warning.
  warnings.warn(
/mnt/hdsd1/guomin/projects/model_probe/venv/lib/python3.10/site-packages/sklearn/linear_model/_logistic.py:1262: FutureWarning: 'multi_class' was deprecated in version 1.5 and will be removed in 1.8. From then on, binary problems will be fit as proper binary  logistic regression models (as if multi_class='ovr' were set). Leave it to its default value to avoid this warning.
  warnings.warn(
/mnt/hdsd1/guomin/projects/model_probe/venv/lib/python3.10/site-packages/sklearn/linear_model/_logistic.py:1262: FutureWarning: 'multi_class' was deprecated in version 1.5 and will be removed in 1.8. From then on, binary problems will be fit as proper binary  logistic regression models (as if multi_class='ovr' were set). Leave it to its default value to avoid this warning.
  warnings.warn(
/mnt/hdsd1/guomin/projects/model_probe/venv/lib/python3.10/site-packages/sklearn/linear_model/_logistic.py:1262: FutureWarning: 'multi_class' was deprecated in version 1.5 and will be removed in 1.8. From then on, binary problems will be fit as proper binary  logistic regression models (as if multi_class='ovr' were set). Leave it to its default value to avoid this warning.
  warnings.warn(
/mnt/hdsd1/guomin/projects/model_probe/venv/lib/python3.10/site-packages/sklearn/linear_model/_logistic.py:1262: FutureWarning: 'multi_class' was deprecated in version 1.5 and will be removed in 1.8. From then on, binary problems will be fit as proper binary  logistic regression models (as if multi_class='ovr' were set). Leave it to its default value to avoid this warning.
  warnings.warn(
/mnt/hdsd1/guomin/projects/model_probe/venv/lib/python3.10/site-packages/sklearn/linear_model/_logistic.py:1262: FutureWarning: 'multi_class' was deprecated in version 1.5 and will be removed in 1.8. From then on, binary problems will be fit as proper binary  logistic regression models (as if multi_class='ovr' were set). Leave it to its default value to avoid this warning.
  warnings.warn(
/mnt/hdsd1/guomin/projects/model_probe/venv/lib/python3.10/site-packages/sklearn/linear_model/_logistic.py:1262: FutureWarning: 'multi_class' was deprecated in version 1.5 and will be removed in 1.8. From then on, binary problems will be fit as proper binary  logistic regression models (as if multi_class='ovr' were set). Leave it to its default value to avoid this warning.
  warnings.warn(
/mnt/hdsd1/guomin/projects/model_probe/venv/lib/python3.10/site-packages/sklearn/linear_model/_logistic.py:1262: FutureWarning: 'multi_class' was deprecated in version 1.5 and will be removed in 1.8. From then on, binary problems will be fit as proper binary  logistic regression models (as if multi_class='ovr' were set). Leave it to its default value to avoid this warning.
  warnings.warn(
/mnt/hdsd1/guomin/projects/model_probe/venv/lib/python3.10/site-packages/sklearn/linear_model/_logistic.py:1262: FutureWarning: 'multi_class' was deprecated in version 1.5 and will be removed in 1.8. From then on, binary problems will be fit as proper binary  logistic regression models (as if multi_class='ovr' were set). Leave it to its default value to avoid this warning.
  warnings.warn(
/mnt/hdsd1/guomin/projects/model_probe/venv/lib/python3.10/site-packages/sklearn/linear_model/_logistic.py:1262: FutureWarning: 'multi_class' was deprecated in version 1.5 and will be removed in 1.8. From then on, binary problems will be fit as proper binary  logistic regression models (as if multi_class='ovr' were set). Leave it to its default value to avoid this warning.
  warnings.warn(
/mnt/hdsd1/guomin/projects/model_probe/venv/lib/python3.10/site-packages/sklearn/linear_model/_logistic.py:1262: FutureWarning: 'multi_class' was deprecated in version 1.5 and will be removed in 1.8. From then on, binary problems will be fit as proper binary  logistic regression models (as if multi_class='ovr' were set). Leave it to its default value to avoid this warning.
  warnings.warn(
/mnt/hdsd1/guomin/projects/model_probe/venv/lib/python3.10/site-packages/sklearn/linear_model/_logistic.py:1262: FutureWarning: 'multi_class' was deprecated in version 1.5 and will be removed in 1.8. From then on, binary problems will be fit as proper binary  logistic regression models (as if multi_class='ovr' were set). Leave it to its default value to avoid this warning.
  warnings.warn(
/mnt/hdsd1/guomin/projects/model_probe/venv/lib/python3.10/site-packages/sklearn/linear_model/_logistic.py:1262: FutureWarning: 'multi_class' was deprecated in version 1.5 and will be removed in 1.8. From then on, binary problems will be fit as proper binary  logistic regression models (as if multi_class='ovr' were set). Leave it to its default value to avoid this warning.
  warnings.warn(
/mnt/hdsd1/guomin/projects/model_probe/venv/lib/python3.10/site-packages/sklearn/linear_model/_logistic.py:1262: FutureWarning: 'multi_class' was deprecated in version 1.5 and will be removed in 1.8. From then on, binary problems will be fit as proper binary  logistic regression models (as if multi_class='ovr' were set). Leave it to its default value to avoid this warning.
  warnings.warn(
/mnt/hdsd1/guomin/projects/model_probe/venv/lib/python3.10/site-packages/sklearn/linear_model/_logistic.py:1262: FutureWarning: 'multi_class' was deprecated in version 1.5 and will be removed in 1.8. From then on, binary problems will be fit as proper binary  logistic regression models (as if multi_class='ovr' were set). Leave it to its default value to avoid this warning.
  warnings.warn(
/mnt/hdsd1/guomin/projects/model_probe/venv/lib/python3.10/site-packages/sklearn/linear_model/_logistic.py:1262: FutureWarning: 'multi_class' was deprecated in version 1.5 and will be removed in 1.8. From then on, binary problems will be fit as proper binary  logistic regression models (as if multi_class='ovr' were set). Leave it to its default value to avoid this warning.
  warnings.warn(
/mnt/hdsd1/guomin/projects/model_probe/venv/lib/python3.10/site-packages/sklearn/linear_model/_logistic.py:1262: FutureWarning: 'multi_class' was deprecated in version 1.5 and will be removed in 1.8. From then on, binary problems will be fit as proper binary  logistic regression models (as if multi_class='ovr' were set). Leave it to its default value to avoid this warning.
  warnings.warn(
/mnt/hdsd1/guomin/projects/model_probe/venv/lib/python3.10/site-packages/sklearn/linear_model/_logistic.py:1262: FutureWarning: 'multi_class' was deprecated in version 1.5 and will be removed in 1.8. From then on, binary problems will be fit as proper binary  logistic regression models (as if multi_class='ovr' were set). Leave it to its default value to avoid this warning.
  warnings.warn(
/mnt/hdsd1/guomin/projects/model_probe/venv/lib/python3.10/site-packages/sklearn/linear_model/_logistic.py:1262: FutureWarning: 'multi_class' was deprecated in version 1.5 and will be removed in 1.8. From then on, binary problems will be fit as proper binary  logistic regression models (as if multi_class='ovr' were set). Leave it to its default value to avoid this warning.
  warnings.warn(
/mnt/hdsd1/guomin/projects/model_probe/venv/lib/python3.10/site-packages/sklearn/linear_model/_logistic.py:1262: FutureWarning: 'multi_class' was deprecated in version 1.5 and will be removed in 1.8. From then on, binary problems will be fit as proper binary  logistic regression models (as if multi_class='ovr' were set). Leave it to its default value to avoid this warning.
  warnings.warn(
/mnt/hdsd1/guomin/projects/model_probe/venv/lib/python3.10/site-packages/sklearn/linear_model/_logistic.py:1262: FutureWarning: 'multi_class' was deprecated in version 1.5 and will be removed in 1.8. From then on, binary problems will be fit as proper binary  logistic regression models (as if multi_class='ovr' were set). Leave it to its default value to avoid this warning.
  warnings.warn(

模型: GPT-2 (124M)
层数: 12, 隐藏维度: 768

============================================================
实验1: 线性探针 - 探测语法知识
============================================================

各层对语法类别(动词/动名词)的分类准确率:
--------------------------------------------------
  Layer  0: CV准确率 = 90.48%
  Layer  1: CV准确率 = 90.48%
  Layer  2: CV准确率 = 90.48%
  Layer  3: CV准确率 = 90.48%
  Layer  4: CV准确率 = 90.48%
  Layer  5: CV准确率 = 90.48%
  Layer  6: CV准确率 = 90.48%
  Layer  7: CV准确率 = 90.48%
  Layer  8: CV准确率 = 90.48%
  Layer  9: CV准确率 = 90.48%
  Layer 10: CV准确率 = 90.48%
  Layer 11: CV准确率 = 90.48%
  Layer 12: CV准确率 = 90.48%

结论: 语法知识主要编码在 Layer 0 (准确率 90.48%)

============================================================
实验2: 线性探针 - 探测实体类型知识
============================================================

各层对实体类型(人名/地名)的分类准确率:
--------------------------------------------------
  Layer  0: CV准确率 = 23.33%
  Layer  1: CV准确率 = 88.89%
  Layer  2: CV准确率 = 82.22%
  Layer  3: CV准确率 = 83.33%
  Layer  4: CV准确率 = 88.89%
  Layer  5: CV准确率 = 88.89%
  Layer  6: CV准确率 = 88.89%
  Layer  7: CV准确率 = 88.89%
  Layer  8: CV准确率 = 82.22%
  Layer  9: CV准确率 = 82.22%
  Layer 10: CV准确率 = 88.89%
  Layer 11: CV准确率 = 88.89%
  Layer 12: CV准确率 = 94.44%

============================================================
实验3: 注意力可视化
============================================================

句子: The cat sat on the mat because it was tired.
Tokens: ['The', 'Ġcat', 'Ġsat', 'Ġon', 'Ġthe', 'Ġmat', 'Ġbecause', 'Ġit', 'Ġwas', 'Ġtired', '.']
  Available keys: ['layer0_head0', 'layer0_head1', 'layer0_head2', 'layer0_head3', 'layer0_head4']...
  已保存注意力图到 attention_demo_0.png

各注意力头的重点分析:
  Head 0: token[1] 主要关注 The
  Head 1: token[1] 主要关注 Ġcat
  Head 2: token[1] 主要关注 The

句子: Paris is the capital of France where Marie works at CNRS.
Tokens: ['Paris', 'Ġis', 'Ġthe', 'Ġcapital', 'Ġof', 'ĠFrance', 'Ġwhere', 'ĠMarie', 'Ġworks', 'Ġat', 'ĠCN', 'RS', '.']
  Available keys: ['layer0_head0', 'layer0_head1', 'layer0_head2', 'layer0_head3', 'layer0_head4']...
  已保存注意力图到 attention_demo_1.png

各注意力头的重点分析:
  Head 0: token[1] 主要关注 Paris
  Head 1: token[1] 主要关注 Ġis
  Head 2: token[1] 主要关注 Paris

句子: Although he was hungry, he didn't eat the cake because it was poisoned.
Tokens: ['Although', 'Ġhe', 'Ġwas', 'Ġhungry', ',', 'Ġhe', 'Ġdidn', "'t", 'Ġeat', 'Ġthe', 'Ġcake', 'Ġbecause', 'Ġit', 'Ġwas', 'Ġpoisoned', '.']
  Available keys: ['layer0_head0', 'layer0_head1', 'layer0_head2', 'layer0_head3', 'layer0_head4']...
  已保存注意力图到 attention_demo_2.png

各注意力头的重点分析:
  Head 0: token[1] 主要关注 Although
  Head 1: token[1] 主要关注 Ġhe
  Head 2: token[1] 主要关注 Although

============================================================
实验4: 线性探针 - 数字大小比较
============================================================

各层对数字大小比较的分类准确率:
--------------------------------------------------
  Layer  0: CV准确率 = 61.11%
  Layer  1: CV准确率 = 52.78%
  Layer  2: CV准确率 = 52.78%
  Layer  3: CV准确率 = 52.78%
  Layer  4: CV准确率 = 52.78%
  Layer  5: CV准确率 = 52.78%
  Layer  6: CV准确率 = 52.78%
  Layer  7: CV准确率 = 52.78%
  Layer  8: CV准确率 = 52.78%
  Layer  9: CV准确率 = 52.78%
  Layer 10: CV准确率 = 52.78%
  Layer 11: CV准确率 = 52.78%
  Layer 12: CV准确率 = 52.78%

============================================================
实验完成!
============================================================

结论:
1. 语法知识: 动词vs动名词在各层都有一定编码，深层更准确
2. 实体类型: 模型能区分人名和地名
3. 注意力: 不同头关注不同内容(语法结构、实体等)
4. 数字推理: 模型对数字关系有一定理解

这些结果表明GPT-2的隐藏层确实编码了丰富的语言知识!

